<?xml version='1.0' encoding='UTF-8'?>
<testsuite hostname="codespaces-01ce29" name="MySuite" tests="1" errors="0" failures="0" skipped="0" time="0.036" timestamp="2025-07-14T14:40:16">
          <properties>
      <property name="java.specification.version" value="21"/><property name="sun.jnu.encoding" value="UTF-8"/><property name="sun.arch.data.model" value="64"/><property name="java.vendor.url" value="https://alpinelinux.org/"/><property name="sun.boot.library.path" value="/usr/lib/jvm/java-21-openjdk/lib"/><property name="sun.java.command" value="/home/vscode/.cache/coursier/arc/https/github.com/sbt/sbt/releases/download/v1.11.0/sbt-1.11.0.zip/sbt/bin/sbt-launch.jar"/><property name="jdk.debug" value="release"/><property name="java.specification.vendor" value="Oracle Corporation"/><property name="java.version.date" value="2025-04-15"/><property name="java.home" value="/usr/lib/jvm/java-21-openjdk"/><property name="file.separator" value="/"/><property name="java.vm.compressedOopsMode" value="32-bit"/><property name="line.separator" value="
"/><property name="java.vm.specification.vendor" value="Oracle Corporation"/><property name="java.specification.name" value="Java Platform API Specification"/><property name="sun.management.compiler" value="HotSpot 64-Bit Tiered Compilers"/><property name="java.runtime.version" value="21.0.7+6-alpine-r0"/><property name="user.name" value="vscode"/><property name="log4j.ignoreTCL" value="true"/><property name="file.encoding" value="UTF-8"/><property name="jnidispatch.path" value="/home/vscode/.cache/JNA/temp/jna14301948327768573178.tmp"/><property name="jna.loaded" value="true"/><property name="java.io.tmpdir" value="/tmp"/><property name="java.version" value="21.0.7"/><property name="java.vm.specification.name" value="Java Virtual Machine Specification"/><property name="native.encoding" value="UTF-8"/><property name="java.library.path" value="/usr/lib/jvm/java-21-openjdk/lib/server:/usr/lib/jvm/java-21-openjdk/lib:/usr/lib/jvm/java-21-openjdk/../lib:/usr/java/packages/lib:/usr/lib64:/lib64:/lib:/usr/lib"/><property name="stderr.encoding" value="UTF-8"/><property name="java.vendor" value="Alpine"/><property name="scala.ext.dirs" value="/home/vscode/.sbt/1.0/java9-rt-ext-alpine_21_0_7"/><property name="sun.io.unicode.encoding" value="UnicodeLittle"/><property name="java.class.path" value="/home/vscode/.cache/coursier/arc/https/github.com/sbt/sbt/releases/download/v1.11.0/sbt-1.11.0.zip/sbt/bin/sbt-launch.jar"/><property name="java.vm.vendor" value="Alpine"/><property name="jline.shutdownhook" value="false"/><property name="user.timezone" value="GMT"/><property name="java.vm.specification.version" value="21"/><property name="os.name" value="Linux"/><property name="sun.java.launcher" value="SUN_STANDARD"/><property name="user.country" value="US"/><property name="sun.cpu.endian" value="little"/><property name="user.home" value="/home/vscode"/><property name="user.language" value="en"/><property name="sbt.script" value="/home/vscode/.cache/coursier/arc/https/github.com/sbt/sbt/releases/download/v1.11.0/sbt-1.11.0.zip/sbt/bin/sbt"/><property name="sbt.ipcsocket.tmpdir" value="/tmp/.sbt64751075/ipcsocket"/><property name="swoval.tmpdir" value="/tmp/.sbt64751075/swoval"/><property name="jline.esc.timeout" value="0"/><property name="stdout.encoding" value="UTF-8"/><property name="path.separator" value=":"/><property name="os.version" value="6.8.0-1027-azure"/><property name="jna.nosys" value="true"/><property name="java.runtime.name" value="OpenJDK Runtime Environment"/><property name="java.vm.name" value="OpenJDK 64-Bit Server VM"/><property name="jna.platform.library.path" value="/lib64:/usr/lib:/lib"/><property name="java.vendor.url.bug" value="https://gitlab.alpinelinux.org/alpine/aports/issues"/><property name="user.dir" value="/workspaces/PF-scala-student-template"/><property name="os.arch" value="amd64"/><property name="java.vm.info" value="mixed mode, sharing"/><property name="java.vm.version" value="21.0.7+6-alpine-r0"/><property name="java.class.version" value="65.0"/>
    </properties>
          <testcase classname="MySuite" name="example test that succeeds das semanas1,2" time="0.036">
                      
                    </testcase>
          <system-out><![CDATA[]]></system-out>
          <system-err><![CDATA[]]></system-err>
        </testsuite>